|   iter    |  target   | baggin... | featur... | lambda_l1 | lambda_l2 | learni... | min_da... | num_it... | num_le... |
-------------------------------------------------------------------------------------------------------------------------
[LightGBM] [Warning] lambda_l1 is set=7.679049609782462, reg_alpha=0.0 will be ignored. Current value: lambda_l1=7.679049609782462
[LightGBM] [Warning] min_data_in_leaf is set=49, min_child_samples=20 will be ignored. Current value: min_data_in_leaf=49
[LightGBM] [Warning] feature_fraction is set=0.9075320055422563, colsample_bytree=1.0 will be ignored. Current value: feature_fraction=0.9075320055422563
[LightGBM] [Warning] bagging_fraction is set=0.8141605751911276, subsample=1.0 will be ignored. Current value: bagging_fraction=0.8141605751911276
[LightGBM] [Warning] lambda_l2 is set=14.317725137443633, reg_lambda=0.0 will be ignored. Current value: lambda_l2=14.317725137443633
[LightGBM] [Warning] lambda_l1 is set=7.679049609782462, reg_alpha=0.0 will be ignored. Current value: lambda_l1=7.679049609782462
[LightGBM] [Warning] min_data_in_leaf is set=49, min_child_samples=20 will be ignored. Current value: min_data_in_leaf=49
[LightGBM] [Warning] feature_fraction is set=0.9075320055422563, colsample_bytree=1.0 will be ignored. Current value: feature_fraction=0.9075320055422563
[LightGBM] [Warning] bagging_fraction is set=0.8141605751911276, subsample=1.0 will be ignored. Current value: bagging_fraction=0.8141605751911276
[LightGBM] [Warning] lambda_l2 is set=14.317725137443633, reg_lambda=0.0 will be ignored. Current value: lambda_l2=14.317725137443633
[LightGBM] [Warning] lambda_l1 is set=7.679049609782462, reg_alpha=0.0 will be ignored. Current value: lambda_l1=7.679049609782462
[LightGBM] [Warning] min_data_in_leaf is set=49, min_child_samples=20 will be ignored. Current value: min_data_in_leaf=49
[LightGBM] [Warning] feature_fraction is set=0.9075320055422563, colsample_bytree=1.0 will be ignored. Current value: feature_fraction=0.9075320055422563
[LightGBM] [Warning] bagging_fraction is set=0.8141605751911276, subsample=1.0 will be ignored. Current value: bagging_fraction=0.8141605751911276
[LightGBM] [Warning] lambda_l2 is set=14.317725137443633, reg_lambda=0.0 will be ignored. Current value: lambda_l2=14.317725137443633
[LightGBM] [Warning] lambda_l1 is set=7.679049609782462, reg_alpha=0.0 will be ignored. Current value: lambda_l1=7.679049609782462
[LightGBM] [Warning] min_data_in_leaf is set=49, min_child_samples=20 will be ignored. Current value: min_data_in_leaf=49
[LightGBM] [Warning] feature_fraction is set=0.9075320055422563, colsample_bytree=1.0 will be ignored. Current value: feature_fraction=0.9075320055422563
[LightGBM] [Warning] bagging_fraction is set=0.8141605751911276, subsample=1.0 will be ignored. Current value: bagging_fraction=0.8141605751911276
[LightGBM] [Warning] lambda_l2 is set=14.317725137443633, reg_lambda=0.0 will be ignored. Current value: lambda_l2=14.317725137443633
[LightGBM] [Warning] lambda_l1 is set=7.679049609782462, reg_alpha=0.0 will be ignored. Current value: lambda_l1=7.679049609782462
[LightGBM] [Warning] min_data_in_leaf is set=49, min_child_samples=20 will be ignored. Current value: min_data_in_leaf=49
[LightGBM] [Warning] feature_fraction is set=0.9075320055422563, colsample_bytree=1.0 will be ignored. Current value: feature_fraction=0.9075320055422563
[LightGBM] [Warning] bagging_fraction is set=0.8141605751911276, subsample=1.0 will be ignored. Current value: bagging_fraction=0.8141605751911276
[LightGBM] [Warning] lambda_l2 is set=14.317725137443633, reg_lambda=0.0 will be ignored. Current value: lambda_l2=14.317725137443633
| [0m 1       [0m | [0m 0.666   [0m | [0m 0.8142  [0m | [0m 0.9075  [0m | [0m 7.679   [0m | [0m 14.32   [0m | [0m 0.02012 [0m | [0m 49.05   [0m | [0m 412.2   [0m | [0m 779.8   [0m |
[LightGBM] [Warning] lambda_l1 is set=6.189276239333671, reg_alpha=0.0 will be ignored. Current value: lambda_l1=6.189276239333671
[LightGBM] [Warning] min_data_in_leaf is set=34, min_child_samples=20 will be ignored. Current value: min_data_in_leaf=34
[LightGBM] [Warning] feature_fraction is set=0.6549417340349276, colsample_bytree=1.0 will be ignored. Current value: feature_fraction=0.6549417340349276
[LightGBM] [Warning] bagging_fraction is set=0.8178303530562624, subsample=1.0 will be ignored. Current value: bagging_fraction=0.8178303530562624
[LightGBM] [Warning] lambda_l2 is set=22.995523831846764, reg_lambda=0.0 will be ignored. Current value: lambda_l2=22.995523831846764
[LightGBM] [Warning] lambda_l1 is set=6.189276239333671, reg_alpha=0.0 will be ignored. Current value: lambda_l1=6.189276239333671
[LightGBM] [Warning] min_data_in_leaf is set=34, min_child_samples=20 will be ignored. Current value: min_data_in_leaf=34
[LightGBM] [Warning] feature_fraction is set=0.6549417340349276, colsample_bytree=1.0 will be ignored. Current value: feature_fraction=0.6549417340349276
[LightGBM] [Warning] bagging_fraction is set=0.8178303530562624, subsample=1.0 will be ignored. Current value: bagging_fraction=0.8178303530562624
[LightGBM] [Warning] lambda_l2 is set=22.995523831846764, reg_lambda=0.0 will be ignored. Current value: lambda_l2=22.995523831846764
[LightGBM] [Warning] lambda_l1 is set=6.189276239333671, reg_alpha=0.0 will be ignored. Current value: lambda_l1=6.189276239333671
[LightGBM] [Warning] min_data_in_leaf is set=34, min_child_samples=20 will be ignored. Current value: min_data_in_leaf=34
[LightGBM] [Warning] feature_fraction is set=0.6549417340349276, colsample_bytree=1.0 will be ignored. Current value: feature_fraction=0.6549417340349276
[LightGBM] [Warning] bagging_fraction is set=0.8178303530562624, subsample=1.0 will be ignored. Current value: bagging_fraction=0.8178303530562624
[LightGBM] [Warning] lambda_l2 is set=22.995523831846764, reg_lambda=0.0 will be ignored. Current value: lambda_l2=22.995523831846764
[LightGBM] [Warning] lambda_l1 is set=6.189276239333671, reg_alpha=0.0 will be ignored. Current value: lambda_l1=6.189276239333671
[LightGBM] [Warning] min_data_in_leaf is set=34, min_child_samples=20 will be ignored. Current value: min_data_in_leaf=34
[LightGBM] [Warning] feature_fraction is set=0.6549417340349276, colsample_bytree=1.0 will be ignored. Current value: feature_fraction=0.6549417340349276
[LightGBM] [Warning] bagging_fraction is set=0.8178303530562624, subsample=1.0 will be ignored. Current value: bagging_fraction=0.8178303530562624
[LightGBM] [Warning] lambda_l2 is set=22.995523831846764, reg_lambda=0.0 will be ignored. Current value: lambda_l2=22.995523831846764
[LightGBM] [Warning] lambda_l1 is set=6.189276239333671, reg_alpha=0.0 will be ignored. Current value: lambda_l1=6.189276239333671
[LightGBM] [Warning] min_data_in_leaf is set=34, min_child_samples=20 will be ignored. Current value: min_data_in_leaf=34
[LightGBM] [Warning] feature_fraction is set=0.6549417340349276, colsample_bytree=1.0 will be ignored. Current value: feature_fraction=0.6549417340349276
[LightGBM] [Warning] bagging_fraction is set=0.8178303530562624, subsample=1.0 will be ignored. Current value: bagging_fraction=0.8178303530562624
[LightGBM] [Warning] lambda_l2 is set=22.995523831846764, reg_lambda=0.0 will be ignored. Current value: lambda_l2=22.995523831846764
| [95m 2       [0m | [95m 0.6728  [0m | [95m 0.8178  [0m | [95m 0.6549  [0m | [95m 6.189   [0m | [95m 23.0    [0m | [95m 0.02261 [0m | [95m 34.86   [0m | [95m 681.9   [0m | [95m 973.9   [0m |
[LightGBM] [Warning] lambda_l1 is set=3.8329512133589603, reg_alpha=0.0 will be ignored. Current value: lambda_l1=3.8329512133589603
[LightGBM] [Warning] min_data_in_leaf is set=46, min_child_samples=20 will be ignored. Current value: min_data_in_leaf=46
[LightGBM] [Warning] feature_fraction is set=0.8099258510290089, colsample_bytree=1.0 will be ignored. Current value: feature_fraction=0.8099258510290089
[LightGBM] [Warning] bagging_fraction is set=0.8562522288072462, subsample=1.0 will be ignored. Current value: bagging_fraction=0.8562522288072462
[LightGBM] [Warning] lambda_l2 is set=20.01803587378574, reg_lambda=0.0 will be ignored. Current value: lambda_l2=20.01803587378574
[LightGBM] [Warning] lambda_l1 is set=3.8329512133589603, reg_alpha=0.0 will be ignored. Current value: lambda_l1=3.8329512133589603
[LightGBM] [Warning] min_data_in_leaf is set=46, min_child_samples=20 will be ignored. Current value: min_data_in_leaf=46
[LightGBM] [Warning] feature_fraction is set=0.8099258510290089, colsample_bytree=1.0 will be ignored. Current value: feature_fraction=0.8099258510290089
[LightGBM] [Warning] bagging_fraction is set=0.8562522288072462, subsample=1.0 will be ignored. Current value: bagging_fraction=0.8562522288072462
[LightGBM] [Warning] lambda_l2 is set=20.01803587378574, reg_lambda=0.0 will be ignored. Current value: lambda_l2=20.01803587378574
[LightGBM] [Warning] lambda_l1 is set=3.8329512133589603, reg_alpha=0.0 will be ignored. Current value: lambda_l1=3.8329512133589603
[LightGBM] [Warning] min_data_in_leaf is set=46, min_child_samples=20 will be ignored. Current value: min_data_in_leaf=46
[LightGBM] [Warning] feature_fraction is set=0.8099258510290089, colsample_bytree=1.0 will be ignored. Current value: feature_fraction=0.8099258510290089
[LightGBM] [Warning] bagging_fraction is set=0.8562522288072462, subsample=1.0 will be ignored. Current value: bagging_fraction=0.8562522288072462
[LightGBM] [Warning] lambda_l2 is set=20.01803587378574, reg_lambda=0.0 will be ignored. Current value: lambda_l2=20.01803587378574
[LightGBM] [Warning] lambda_l1 is set=3.8329512133589603, reg_alpha=0.0 will be ignored. Current value: lambda_l1=3.8329512133589603
[LightGBM] [Warning] min_data_in_leaf is set=46, min_child_samples=20 will be ignored. Current value: min_data_in_leaf=46
[LightGBM] [Warning] feature_fraction is set=0.8099258510290089, colsample_bytree=1.0 will be ignored. Current value: feature_fraction=0.8099258510290089
[LightGBM] [Warning] bagging_fraction is set=0.8562522288072462, subsample=1.0 will be ignored. Current value: bagging_fraction=0.8562522288072462
[LightGBM] [Warning] lambda_l2 is set=20.01803587378574, reg_lambda=0.0 will be ignored. Current value: lambda_l2=20.01803587378574
[LightGBM] [Warning] lambda_l1 is set=3.8329512133589603, reg_alpha=0.0 will be ignored. Current value: lambda_l1=3.8329512133589603
[LightGBM] [Warning] min_data_in_leaf is set=46, min_child_samples=20 will be ignored. Current value: min_data_in_leaf=46
[LightGBM] [Warning] feature_fraction is set=0.8099258510290089, colsample_bytree=1.0 will be ignored. Current value: feature_fraction=0.8099258510290089
[LightGBM] [Warning] bagging_fraction is set=0.8562522288072462, subsample=1.0 will be ignored. Current value: bagging_fraction=0.8562522288072462
[LightGBM] [Warning] lambda_l2 is set=20.01803587378574, reg_lambda=0.0 will be ignored. Current value: lambda_l2=20.01803587378574
| [95m 3       [0m | [95m 0.6728  [0m | [95m 0.8563  [0m | [95m 0.8099  [0m | [95m 3.833   [0m | [95m 20.02   [0m | [95m 0.09432 [0m | [95m 46.85   [0m | [95m 948.9   [0m | [95m 394.5   [0m |
[LightGBM] [Warning] lambda_l1 is set=3.6836693317156777, reg_alpha=0.0 will be ignored. Current value: lambda_l1=3.6836693317156777
[LightGBM] [Warning] min_data_in_leaf is set=6, min_child_samples=20 will be ignored. Current value: min_data_in_leaf=6
[LightGBM] [Warning] feature_fraction is set=0.8750451855463999, colsample_bytree=1.0 will be ignored. Current value: feature_fraction=0.8750451855463999
[LightGBM] [Warning] bagging_fraction is set=0.9208531196428589, subsample=1.0 will be ignored. Current value: bagging_fraction=0.9208531196428589
[LightGBM] [Warning] lambda_l2 is set=17.761032626863845, reg_lambda=0.0 will be ignored. Current value: lambda_l2=17.761032626863845
[LightGBM] [Warning] lambda_l1 is set=3.6836693317156777, reg_alpha=0.0 will be ignored. Current value: lambda_l1=3.6836693317156777
[LightGBM] [Warning] min_data_in_leaf is set=6, min_child_samples=20 will be ignored. Current value: min_data_in_leaf=6
[LightGBM] [Warning] feature_fraction is set=0.8750451855463999, colsample_bytree=1.0 will be ignored. Current value: feature_fraction=0.8750451855463999
[LightGBM] [Warning] bagging_fraction is set=0.9208531196428589, subsample=1.0 will be ignored. Current value: bagging_fraction=0.9208531196428589
[LightGBM] [Warning] lambda_l2 is set=17.761032626863845, reg_lambda=0.0 will be ignored. Current value: lambda_l2=17.761032626863845
[LightGBM] [Warning] lambda_l1 is set=3.6836693317156777, reg_alpha=0.0 will be ignored. Current value: lambda_l1=3.6836693317156777
[LightGBM] [Warning] min_data_in_leaf is set=6, min_child_samples=20 will be ignored. Current value: min_data_in_leaf=6
[LightGBM] [Warning] feature_fraction is set=0.8750451855463999, colsample_bytree=1.0 will be ignored. Current value: feature_fraction=0.8750451855463999
[LightGBM] [Warning] bagging_fraction is set=0.9208531196428589, subsample=1.0 will be ignored. Current value: bagging_fraction=0.9208531196428589
[LightGBM] [Warning] lambda_l2 is set=17.761032626863845, reg_lambda=0.0 will be ignored. Current value: lambda_l2=17.761032626863845
[LightGBM] [Warning] lambda_l1 is set=3.6836693317156777, reg_alpha=0.0 will be ignored. Current value: lambda_l1=3.6836693317156777
[LightGBM] [Warning] min_data_in_leaf is set=6, min_child_samples=20 will be ignored. Current value: min_data_in_leaf=6
[LightGBM] [Warning] feature_fraction is set=0.8750451855463999, colsample_bytree=1.0 will be ignored. Current value: feature_fraction=0.8750451855463999
[LightGBM] [Warning] bagging_fraction is set=0.9208531196428589, subsample=1.0 will be ignored. Current value: bagging_fraction=0.9208531196428589
[LightGBM] [Warning] lambda_l2 is set=17.761032626863845, reg_lambda=0.0 will be ignored. Current value: lambda_l2=17.761032626863845
[LightGBM] [Warning] lambda_l1 is set=3.6836693317156777, reg_alpha=0.0 will be ignored. Current value: lambda_l1=3.6836693317156777
[LightGBM] [Warning] min_data_in_leaf is set=6, min_child_samples=20 will be ignored. Current value: min_data_in_leaf=6
[LightGBM] [Warning] feature_fraction is set=0.8750451855463999, colsample_bytree=1.0 will be ignored. Current value: feature_fraction=0.8750451855463999
[LightGBM] [Warning] bagging_fraction is set=0.9208531196428589, subsample=1.0 will be ignored. Current value: bagging_fraction=0.9208531196428589
[LightGBM] [Warning] lambda_l2 is set=17.761032626863845, reg_lambda=0.0 will be ignored. Current value: lambda_l2=17.761032626863845
| [0m 4       [0m | [0m 0.6728  [0m | [0m 0.9209  [0m | [0m 0.875   [0m | [0m 3.684   [0m | [0m 17.76   [0m | [0m 0.08783 [0m | [0m 6.396   [0m | [0m 999.9   [0m | [0m 1.006e+0[0m |
[LightGBM] [Warning] lambda_l1 is set=2.9659344859213888, reg_alpha=0.0 will be ignored. Current value: lambda_l1=2.9659344859213888
[LightGBM] [Warning] min_data_in_leaf is set=13, min_child_samples=20 will be ignored. Current value: min_data_in_leaf=13
[LightGBM] [Warning] feature_fraction is set=0.9852242346443292, colsample_bytree=1.0 will be ignored. Current value: feature_fraction=0.9852242346443292
[LightGBM] [Warning] bagging_fraction is set=0.9339555404817057, subsample=1.0 will be ignored. Current value: bagging_fraction=0.9339555404817057
[LightGBM] [Warning] lambda_l2 is set=46.14165176383672, reg_lambda=0.0 will be ignored. Current value: lambda_l2=46.14165176383672
[LightGBM] [Warning] lambda_l1 is set=2.9659344859213888, reg_alpha=0.0 will be ignored. Current value: lambda_l1=2.9659344859213888
[LightGBM] [Warning] min_data_in_leaf is set=13, min_child_samples=20 will be ignored. Current value: min_data_in_leaf=13
[LightGBM] [Warning] feature_fraction is set=0.9852242346443292, colsample_bytree=1.0 will be ignored. Current value: feature_fraction=0.9852242346443292
[LightGBM] [Warning] bagging_fraction is set=0.9339555404817057, subsample=1.0 will be ignored. Current value: bagging_fraction=0.9339555404817057
[LightGBM] [Warning] lambda_l2 is set=46.14165176383672, reg_lambda=0.0 will be ignored. Current value: lambda_l2=46.14165176383672
[LightGBM] [Warning] lambda_l1 is set=2.9659344859213888, reg_alpha=0.0 will be ignored. Current value: lambda_l1=2.9659344859213888
[LightGBM] [Warning] min_data_in_leaf is set=13, min_child_samples=20 will be ignored. Current value: min_data_in_leaf=13
[LightGBM] [Warning] feature_fraction is set=0.9852242346443292, colsample_bytree=1.0 will be ignored. Current value: feature_fraction=0.9852242346443292
[LightGBM] [Warning] bagging_fraction is set=0.9339555404817057, subsample=1.0 will be ignored. Current value: bagging_fraction=0.9339555404817057
[LightGBM] [Warning] lambda_l2 is set=46.14165176383672, reg_lambda=0.0 will be ignored. Current value: lambda_l2=46.14165176383672
[LightGBM] [Warning] lambda_l1 is set=2.9659344859213888, reg_alpha=0.0 will be ignored. Current value: lambda_l1=2.9659344859213888
[LightGBM] [Warning] min_data_in_leaf is set=13, min_child_samples=20 will be ignored. Current value: min_data_in_leaf=13
[LightGBM] [Warning] feature_fraction is set=0.9852242346443292, colsample_bytree=1.0 will be ignored. Current value: feature_fraction=0.9852242346443292
[LightGBM] [Warning] bagging_fraction is set=0.9339555404817057, subsample=1.0 will be ignored. Current value: bagging_fraction=0.9339555404817057
[LightGBM] [Warning] lambda_l2 is set=46.14165176383672, reg_lambda=0.0 will be ignored. Current value: lambda_l2=46.14165176383672
[LightGBM] [Warning] lambda_l1 is set=2.9659344859213888, reg_alpha=0.0 will be ignored. Current value: lambda_l1=2.9659344859213888
[LightGBM] [Warning] min_data_in_leaf is set=13, min_child_samples=20 will be ignored. Current value: min_data_in_leaf=13
[LightGBM] [Warning] feature_fraction is set=0.9852242346443292, colsample_bytree=1.0 will be ignored. Current value: feature_fraction=0.9852242346443292
[LightGBM] [Warning] bagging_fraction is set=0.9339555404817057, subsample=1.0 will be ignored. Current value: bagging_fraction=0.9339555404817057
[LightGBM] [Warning] lambda_l2 is set=46.14165176383672, reg_lambda=0.0 will be ignored. Current value: lambda_l2=46.14165176383672
| [95m 5       [0m | [95m 0.6777  [0m | [95m 0.934   [0m | [95m 0.9852  [0m | [95m 2.966   [0m | [95m 46.14   [0m | [95m 0.06459 [0m | [95m 13.57   [0m | [95m 990.2   [0m | [95m 20.07   [0m |
[LightGBM] [Warning] lambda_l1 is set=7.902309603190757, reg_alpha=0.0 will be ignored. Current value: lambda_l1=7.902309603190757
[LightGBM] [Warning] min_data_in_leaf is set=47, min_child_samples=20 will be ignored. Current value: min_data_in_leaf=47
[LightGBM] [Warning] feature_fraction is set=0.8585129735541753, colsample_bytree=1.0 will be ignored. Current value: feature_fraction=0.8585129735541753
[LightGBM] [Warning] bagging_fraction is set=0.9717199982693643, subsample=1.0 will be ignored. Current value: bagging_fraction=0.9717199982693643
[LightGBM] [Warning] lambda_l2 is set=48.542887637918284, reg_lambda=0.0 will be ignored. Current value: lambda_l2=48.542887637918284
[LightGBM] [Warning] lambda_l1 is set=7.902309603190757, reg_alpha=0.0 will be ignored. Current value: lambda_l1=7.902309603190757
[LightGBM] [Warning] min_data_in_leaf is set=47, min_child_samples=20 will be ignored. Current value: min_data_in_leaf=47
[LightGBM] [Warning] feature_fraction is set=0.8585129735541753, colsample_bytree=1.0 will be ignored. Current value: feature_fraction=0.8585129735541753
[LightGBM] [Warning] bagging_fraction is set=0.9717199982693643, subsample=1.0 will be ignored. Current value: bagging_fraction=0.9717199982693643
[LightGBM] [Warning] lambda_l2 is set=48.542887637918284, reg_lambda=0.0 will be ignored. Current value: lambda_l2=48.542887637918284
[LightGBM] [Warning] lambda_l1 is set=7.902309603190757, reg_alpha=0.0 will be ignored. Current value: lambda_l1=7.902309603190757
[LightGBM] [Warning] min_data_in_leaf is set=47, min_child_samples=20 will be ignored. Current value: min_data_in_leaf=47
[LightGBM] [Warning] feature_fraction is set=0.8585129735541753, colsample_bytree=1.0 will be ignored. Current value: feature_fraction=0.8585129735541753
[LightGBM] [Warning] bagging_fraction is set=0.9717199982693643, subsample=1.0 will be ignored. Current value: bagging_fraction=0.9717199982693643
[LightGBM] [Warning] lambda_l2 is set=48.542887637918284, reg_lambda=0.0 will be ignored. Current value: lambda_l2=48.542887637918284
[LightGBM] [Warning] lambda_l1 is set=7.902309603190757, reg_alpha=0.0 will be ignored. Current value: lambda_l1=7.902309603190757
[LightGBM] [Warning] min_data_in_leaf is set=47, min_child_samples=20 will be ignored. Current value: min_data_in_leaf=47
[LightGBM] [Warning] feature_fraction is set=0.8585129735541753, colsample_bytree=1.0 will be ignored. Current value: feature_fraction=0.8585129735541753
[LightGBM] [Warning] bagging_fraction is set=0.9717199982693643, subsample=1.0 will be ignored. Current value: bagging_fraction=0.9717199982693643
[LightGBM] [Warning] lambda_l2 is set=48.542887637918284, reg_lambda=0.0 will be ignored. Current value: lambda_l2=48.542887637918284
[LightGBM] [Warning] lambda_l1 is set=7.902309603190757, reg_alpha=0.0 will be ignored. Current value: lambda_l1=7.902309603190757
[LightGBM] [Warning] min_data_in_leaf is set=47, min_child_samples=20 will be ignored. Current value: min_data_in_leaf=47
[LightGBM] [Warning] feature_fraction is set=0.8585129735541753, colsample_bytree=1.0 will be ignored. Current value: feature_fraction=0.8585129735541753
[LightGBM] [Warning] bagging_fraction is set=0.9717199982693643, subsample=1.0 will be ignored. Current value: bagging_fraction=0.9717199982693643
[LightGBM] [Warning] lambda_l2 is set=48.542887637918284, reg_lambda=0.0 will be ignored. Current value: lambda_l2=48.542887637918284
| [0m 6       [0m | [0m 0.6479  [0m | [0m 0.9717  [0m | [0m 0.8585  [0m | [0m 7.902   [0m | [0m 48.54   [0m | [0m 0.00399 [0m | [0m 47.26   [0m | [0m 985.8   [0m | [0m 938.8   [0m |
[LightGBM] [Warning] lambda_l1 is set=2.808668433934882, reg_alpha=0.0 will be ignored. Current value: lambda_l1=2.808668433934882
[LightGBM] [Warning] min_data_in_leaf is set=6, min_child_samples=20 will be ignored. Current value: min_data_in_leaf=6
[LightGBM] [Warning] feature_fraction is set=0.9871855712126305, colsample_bytree=1.0 will be ignored. Current value: feature_fraction=0.9871855712126305
[LightGBM] [Warning] bagging_fraction is set=0.9774565458547054, subsample=1.0 will be ignored. Current value: bagging_fraction=0.9774565458547054
[LightGBM] [Warning] lambda_l2 is set=1.1744362408389442, reg_lambda=0.0 will be ignored. Current value: lambda_l2=1.1744362408389442
[LightGBM] [Warning] lambda_l1 is set=2.808668433934882, reg_alpha=0.0 will be ignored. Current value: lambda_l1=2.808668433934882
[LightGBM] [Warning] min_data_in_leaf is set=6, min_child_samples=20 will be ignored. Current value: min_data_in_leaf=6
[LightGBM] [Warning] feature_fraction is set=0.9871855712126305, colsample_bytree=1.0 will be ignored. Current value: feature_fraction=0.9871855712126305
[LightGBM] [Warning] bagging_fraction is set=0.9774565458547054, subsample=1.0 will be ignored. Current value: bagging_fraction=0.9774565458547054
[LightGBM] [Warning] lambda_l2 is set=1.1744362408389442, reg_lambda=0.0 will be ignored. Current value: lambda_l2=1.1744362408389442
[LightGBM] [Warning] lambda_l1 is set=2.808668433934882, reg_alpha=0.0 will be ignored. Current value: lambda_l1=2.808668433934882
[LightGBM] [Warning] min_data_in_leaf is set=6, min_child_samples=20 will be ignored. Current value: min_data_in_leaf=6
[LightGBM] [Warning] feature_fraction is set=0.9871855712126305, colsample_bytree=1.0 will be ignored. Current value: feature_fraction=0.9871855712126305
[LightGBM] [Warning] bagging_fraction is set=0.9774565458547054, subsample=1.0 will be ignored. Current value: bagging_fraction=0.9774565458547054
[LightGBM] [Warning] lambda_l2 is set=1.1744362408389442, reg_lambda=0.0 will be ignored. Current value: lambda_l2=1.1744362408389442
[LightGBM] [Warning] lambda_l1 is set=2.808668433934882, reg_alpha=0.0 will be ignored. Current value: lambda_l1=2.808668433934882
[LightGBM] [Warning] min_data_in_leaf is set=6, min_child_samples=20 will be ignored. Current value: min_data_in_leaf=6
[LightGBM] [Warning] feature_fraction is set=0.9871855712126305, colsample_bytree=1.0 will be ignored. Current value: feature_fraction=0.9871855712126305
[LightGBM] [Warning] bagging_fraction is set=0.9774565458547054, subsample=1.0 will be ignored. Current value: bagging_fraction=0.9774565458547054
[LightGBM] [Warning] lambda_l2 is set=1.1744362408389442, reg_lambda=0.0 will be ignored. Current value: lambda_l2=1.1744362408389442
[LightGBM] [Warning] lambda_l1 is set=2.808668433934882, reg_alpha=0.0 will be ignored. Current value: lambda_l1=2.808668433934882
[LightGBM] [Warning] min_data_in_leaf is set=6, min_child_samples=20 will be ignored. Current value: min_data_in_leaf=6
[LightGBM] [Warning] feature_fraction is set=0.9871855712126305, colsample_bytree=1.0 will be ignored. Current value: feature_fraction=0.9871855712126305
[LightGBM] [Warning] bagging_fraction is set=0.9774565458547054, subsample=1.0 will be ignored. Current value: bagging_fraction=0.9774565458547054
[LightGBM] [Warning] lambda_l2 is set=1.1744362408389442, reg_lambda=0.0 will be ignored. Current value: lambda_l2=1.1744362408389442
| [0m 7       [0m | [0m 0.6606  [0m | [0m 0.9775  [0m | [0m 0.9872  [0m | [0m 2.809   [0m | [0m 1.174   [0m | [0m 0.07684 [0m | [0m 6.792   [0m | [0m 140.1   [0m | [0m 17.86   [0m |
[LightGBM] [Warning] lambda_l1 is set=7.631588798411414, reg_alpha=0.0 will be ignored. Current value: lambda_l1=7.631588798411414
[LightGBM] [Warning] min_data_in_leaf is set=6, min_child_samples=20 will be ignored. Current value: min_data_in_leaf=6
[LightGBM] [Warning] feature_fraction is set=0.922673427540821, colsample_bytree=1.0 will be ignored. Current value: feature_fraction=0.922673427540821
[LightGBM] [Warning] bagging_fraction is set=0.84544673146217, subsample=1.0 will be ignored. Current value: bagging_fraction=0.84544673146217
[LightGBM] [Warning] lambda_l2 is set=5.570296227164329, reg_lambda=0.0 will be ignored. Current value: lambda_l2=5.570296227164329
[LightGBM] [Warning] lambda_l1 is set=7.631588798411414, reg_alpha=0.0 will be ignored. Current value: lambda_l1=7.631588798411414
[LightGBM] [Warning] min_data_in_leaf is set=6, min_child_samples=20 will be ignored. Current value: min_data_in_leaf=6
[LightGBM] [Warning] feature_fraction is set=0.922673427540821, colsample_bytree=1.0 will be ignored. Current value: feature_fraction=0.922673427540821
[LightGBM] [Warning] bagging_fraction is set=0.84544673146217, subsample=1.0 will be ignored. Current value: bagging_fraction=0.84544673146217
[LightGBM] [Warning] lambda_l2 is set=5.570296227164329, reg_lambda=0.0 will be ignored. Current value: lambda_l2=5.570296227164329
[LightGBM] [Warning] lambda_l1 is set=7.631588798411414, reg_alpha=0.0 will be ignored. Current value: lambda_l1=7.631588798411414
[LightGBM] [Warning] min_data_in_leaf is set=6, min_child_samples=20 will be ignored. Current value: min_data_in_leaf=6
[LightGBM] [Warning] feature_fraction is set=0.922673427540821, colsample_bytree=1.0 will be ignored. Current value: feature_fraction=0.922673427540821
[LightGBM] [Warning] bagging_fraction is set=0.84544673146217, subsample=1.0 will be ignored. Current value: bagging_fraction=0.84544673146217
[LightGBM] [Warning] lambda_l2 is set=5.570296227164329, reg_lambda=0.0 will be ignored. Current value: lambda_l2=5.570296227164329
[LightGBM] [Warning] lambda_l1 is set=7.631588798411414, reg_alpha=0.0 will be ignored. Current value: lambda_l1=7.631588798411414
[LightGBM] [Warning] min_data_in_leaf is set=6, min_child_samples=20 will be ignored. Current value: min_data_in_leaf=6
[LightGBM] [Warning] feature_fraction is set=0.922673427540821, colsample_bytree=1.0 will be ignored. Current value: feature_fraction=0.922673427540821
[LightGBM] [Warning] bagging_fraction is set=0.84544673146217, subsample=1.0 will be ignored. Current value: bagging_fraction=0.84544673146217
[LightGBM] [Warning] lambda_l2 is set=5.570296227164329, reg_lambda=0.0 will be ignored. Current value: lambda_l2=5.570296227164329
[LightGBM] [Warning] lambda_l1 is set=7.631588798411414, reg_alpha=0.0 will be ignored. Current value: lambda_l1=7.631588798411414
[LightGBM] [Warning] min_data_in_leaf is set=6, min_child_samples=20 will be ignored. Current value: min_data_in_leaf=6
[LightGBM] [Warning] feature_fraction is set=0.922673427540821, colsample_bytree=1.0 will be ignored. Current value: feature_fraction=0.922673427540821
[LightGBM] [Warning] bagging_fraction is set=0.84544673146217, subsample=1.0 will be ignored. Current value: bagging_fraction=0.84544673146217
[LightGBM] [Warning] lambda_l2 is set=5.570296227164329, reg_lambda=0.0 will be ignored. Current value: lambda_l2=5.570296227164329
| [0m 8       [0m | [0m 0.6484  [0m | [0m 0.8454  [0m | [0m 0.9227  [0m | [0m 7.632   [0m | [0m 5.57    [0m | [0m 0.07404 [0m | [0m 6.356   [0m | [0m 21.38   [0m | [0m 1.022e+0[0m |
=========================================================================================================================
{'target': 0.6776582449893895, 'params': {'bagging_fraction': 0.9339555404817057, 'feature_fraction': 0.9852242346443292, 'lambda_l1': 2.9659344859213888, 'lambda_l2': 46.14165176383672, 'learning_rate': 0.06458834869249273, 'min_data_in_leaf': 13.567043816808257, 'num_iterations': 990.2421309133591, 'num_leaves': 20.071620699190817}}
