|   iter    |  target   | baggin... | featur... | lambda_l1 | lambda_l2 | learni... | min_da... | num_it... | num_le... |
-------------------------------------------------------------------------------------------------------------------------
[LightGBM] [Warning] lambda_l1 is set=7.679049609782462, reg_alpha=0.0 will be ignored. Current value: lambda_l1=7.679049609782462
[LightGBM] [Warning] min_data_in_leaf is set=49, min_child_samples=20 will be ignored. Current value: min_data_in_leaf=49
[LightGBM] [Warning] feature_fraction is set=0.9075320055422563, colsample_bytree=1.0 will be ignored. Current value: feature_fraction=0.9075320055422563
[LightGBM] [Warning] bagging_fraction is set=1.0, subsample=1.0 will be ignored. Current value: bagging_fraction=1.0
[LightGBM] [Warning] lambda_l2 is set=14.317725137443633, reg_lambda=0.0 will be ignored. Current value: lambda_l2=14.317725137443633
[LightGBM] [Warning] lambda_l1 is set=7.679049609782462, reg_alpha=0.0 will be ignored. Current value: lambda_l1=7.679049609782462
[LightGBM] [Warning] min_data_in_leaf is set=49, min_child_samples=20 will be ignored. Current value: min_data_in_leaf=49
[LightGBM] [Warning] feature_fraction is set=0.9075320055422563, colsample_bytree=1.0 will be ignored. Current value: feature_fraction=0.9075320055422563
[LightGBM] [Warning] bagging_fraction is set=1.0, subsample=1.0 will be ignored. Current value: bagging_fraction=1.0
[LightGBM] [Warning] lambda_l2 is set=14.317725137443633, reg_lambda=0.0 will be ignored. Current value: lambda_l2=14.317725137443633
[LightGBM] [Warning] lambda_l1 is set=7.679049609782462, reg_alpha=0.0 will be ignored. Current value: lambda_l1=7.679049609782462
[LightGBM] [Warning] min_data_in_leaf is set=49, min_child_samples=20 will be ignored. Current value: min_data_in_leaf=49
[LightGBM] [Warning] feature_fraction is set=0.9075320055422563, colsample_bytree=1.0 will be ignored. Current value: feature_fraction=0.9075320055422563
[LightGBM] [Warning] bagging_fraction is set=1.0, subsample=1.0 will be ignored. Current value: bagging_fraction=1.0
[LightGBM] [Warning] lambda_l2 is set=14.317725137443633, reg_lambda=0.0 will be ignored. Current value: lambda_l2=14.317725137443633
[LightGBM] [Warning] lambda_l1 is set=7.679049609782462, reg_alpha=0.0 will be ignored. Current value: lambda_l1=7.679049609782462
[LightGBM] [Warning] min_data_in_leaf is set=49, min_child_samples=20 will be ignored. Current value: min_data_in_leaf=49
[LightGBM] [Warning] feature_fraction is set=0.9075320055422563, colsample_bytree=1.0 will be ignored. Current value: feature_fraction=0.9075320055422563
[LightGBM] [Warning] bagging_fraction is set=1.0, subsample=1.0 will be ignored. Current value: bagging_fraction=1.0
[LightGBM] [Warning] lambda_l2 is set=14.317725137443633, reg_lambda=0.0 will be ignored. Current value: lambda_l2=14.317725137443633
[LightGBM] [Warning] lambda_l1 is set=7.679049609782462, reg_alpha=0.0 will be ignored. Current value: lambda_l1=7.679049609782462
[LightGBM] [Warning] min_data_in_leaf is set=49, min_child_samples=20 will be ignored. Current value: min_data_in_leaf=49
[LightGBM] [Warning] feature_fraction is set=0.9075320055422563, colsample_bytree=1.0 will be ignored. Current value: feature_fraction=0.9075320055422563
[LightGBM] [Warning] bagging_fraction is set=1.0, subsample=1.0 will be ignored. Current value: bagging_fraction=1.0
[LightGBM] [Warning] lambda_l2 is set=14.317725137443633, reg_lambda=0.0 will be ignored. Current value: lambda_l2=14.317725137443633
| [0m 1       [0m | [0m 0.6685  [0m | [0m 1.0     [0m | [0m 0.9075  [0m | [0m 7.679   [0m | [0m 14.32   [0m | [0m 0.02012 [0m | [0m 49.05   [0m | [0m 412.2   [0m | [0m 779.8   [0m |
[LightGBM] [Warning] lambda_l1 is set=6.189276239333671, reg_alpha=0.0 will be ignored. Current value: lambda_l1=6.189276239333671
[LightGBM] [Warning] min_data_in_leaf is set=34, min_child_samples=20 will be ignored. Current value: min_data_in_leaf=34
[LightGBM] [Warning] feature_fraction is set=0.6549417340349276, colsample_bytree=1.0 will be ignored. Current value: feature_fraction=0.6549417340349276
[LightGBM] [Warning] bagging_fraction is set=1.0, subsample=1.0 will be ignored. Current value: bagging_fraction=1.0
[LightGBM] [Warning] lambda_l2 is set=22.995523831846764, reg_lambda=0.0 will be ignored. Current value: lambda_l2=22.995523831846764
[LightGBM] [Warning] lambda_l1 is set=6.189276239333671, reg_alpha=0.0 will be ignored. Current value: lambda_l1=6.189276239333671
[LightGBM] [Warning] min_data_in_leaf is set=34, min_child_samples=20 will be ignored. Current value: min_data_in_leaf=34
[LightGBM] [Warning] feature_fraction is set=0.6549417340349276, colsample_bytree=1.0 will be ignored. Current value: feature_fraction=0.6549417340349276
[LightGBM] [Warning] bagging_fraction is set=1.0, subsample=1.0 will be ignored. Current value: bagging_fraction=1.0
[LightGBM] [Warning] lambda_l2 is set=22.995523831846764, reg_lambda=0.0 will be ignored. Current value: lambda_l2=22.995523831846764
[LightGBM] [Warning] lambda_l1 is set=6.189276239333671, reg_alpha=0.0 will be ignored. Current value: lambda_l1=6.189276239333671
[LightGBM] [Warning] min_data_in_leaf is set=34, min_child_samples=20 will be ignored. Current value: min_data_in_leaf=34
[LightGBM] [Warning] feature_fraction is set=0.6549417340349276, colsample_bytree=1.0 will be ignored. Current value: feature_fraction=0.6549417340349276
[LightGBM] [Warning] bagging_fraction is set=1.0, subsample=1.0 will be ignored. Current value: bagging_fraction=1.0
[LightGBM] [Warning] lambda_l2 is set=22.995523831846764, reg_lambda=0.0 will be ignored. Current value: lambda_l2=22.995523831846764
[LightGBM] [Warning] lambda_l1 is set=6.189276239333671, reg_alpha=0.0 will be ignored. Current value: lambda_l1=6.189276239333671
[LightGBM] [Warning] min_data_in_leaf is set=34, min_child_samples=20 will be ignored. Current value: min_data_in_leaf=34
[LightGBM] [Warning] feature_fraction is set=0.6549417340349276, colsample_bytree=1.0 will be ignored. Current value: feature_fraction=0.6549417340349276
[LightGBM] [Warning] bagging_fraction is set=1.0, subsample=1.0 will be ignored. Current value: bagging_fraction=1.0
[LightGBM] [Warning] lambda_l2 is set=22.995523831846764, reg_lambda=0.0 will be ignored. Current value: lambda_l2=22.995523831846764
[LightGBM] [Warning] lambda_l1 is set=6.189276239333671, reg_alpha=0.0 will be ignored. Current value: lambda_l1=6.189276239333671
[LightGBM] [Warning] min_data_in_leaf is set=34, min_child_samples=20 will be ignored. Current value: min_data_in_leaf=34
[LightGBM] [Warning] feature_fraction is set=0.6549417340349276, colsample_bytree=1.0 will be ignored. Current value: feature_fraction=0.6549417340349276
[LightGBM] [Warning] bagging_fraction is set=1.0, subsample=1.0 will be ignored. Current value: bagging_fraction=1.0
[LightGBM] [Warning] lambda_l2 is set=22.995523831846764, reg_lambda=0.0 will be ignored. Current value: lambda_l2=22.995523831846764
| [95m 2       [0m | [95m 0.6762  [0m | [95m 1.0     [0m | [95m 0.6549  [0m | [95m 6.189   [0m | [95m 23.0    [0m | [95m 0.02261 [0m | [95m 34.86   [0m | [95m 681.9   [0m | [95m 973.9   [0m |
[LightGBM] [Warning] lambda_l1 is set=3.8329512133589603, reg_alpha=0.0 will be ignored. Current value: lambda_l1=3.8329512133589603
[LightGBM] [Warning] min_data_in_leaf is set=46, min_child_samples=20 will be ignored. Current value: min_data_in_leaf=46
[LightGBM] [Warning] feature_fraction is set=0.8099258510290089, colsample_bytree=1.0 will be ignored. Current value: feature_fraction=0.8099258510290089
[LightGBM] [Warning] bagging_fraction is set=1.0, subsample=1.0 will be ignored. Current value: bagging_fraction=1.0
[LightGBM] [Warning] lambda_l2 is set=20.01803587378574, reg_lambda=0.0 will be ignored. Current value: lambda_l2=20.01803587378574
[LightGBM] [Warning] lambda_l1 is set=3.8329512133589603, reg_alpha=0.0 will be ignored. Current value: lambda_l1=3.8329512133589603
[LightGBM] [Warning] min_data_in_leaf is set=46, min_child_samples=20 will be ignored. Current value: min_data_in_leaf=46
[LightGBM] [Warning] feature_fraction is set=0.8099258510290089, colsample_bytree=1.0 will be ignored. Current value: feature_fraction=0.8099258510290089
[LightGBM] [Warning] bagging_fraction is set=1.0, subsample=1.0 will be ignored. Current value: bagging_fraction=1.0
[LightGBM] [Warning] lambda_l2 is set=20.01803587378574, reg_lambda=0.0 will be ignored. Current value: lambda_l2=20.01803587378574
[LightGBM] [Warning] lambda_l1 is set=3.8329512133589603, reg_alpha=0.0 will be ignored. Current value: lambda_l1=3.8329512133589603
[LightGBM] [Warning] min_data_in_leaf is set=46, min_child_samples=20 will be ignored. Current value: min_data_in_leaf=46
[LightGBM] [Warning] feature_fraction is set=0.8099258510290089, colsample_bytree=1.0 will be ignored. Current value: feature_fraction=0.8099258510290089
[LightGBM] [Warning] bagging_fraction is set=1.0, subsample=1.0 will be ignored. Current value: bagging_fraction=1.0
[LightGBM] [Warning] lambda_l2 is set=20.01803587378574, reg_lambda=0.0 will be ignored. Current value: lambda_l2=20.01803587378574
[LightGBM] [Warning] lambda_l1 is set=3.8329512133589603, reg_alpha=0.0 will be ignored. Current value: lambda_l1=3.8329512133589603
[LightGBM] [Warning] min_data_in_leaf is set=46, min_child_samples=20 will be ignored. Current value: min_data_in_leaf=46
[LightGBM] [Warning] feature_fraction is set=0.8099258510290089, colsample_bytree=1.0 will be ignored. Current value: feature_fraction=0.8099258510290089
[LightGBM] [Warning] bagging_fraction is set=1.0, subsample=1.0 will be ignored. Current value: bagging_fraction=1.0
[LightGBM] [Warning] lambda_l2 is set=20.01803587378574, reg_lambda=0.0 will be ignored. Current value: lambda_l2=20.01803587378574
[LightGBM] [Warning] lambda_l1 is set=3.8329512133589603, reg_alpha=0.0 will be ignored. Current value: lambda_l1=3.8329512133589603
[LightGBM] [Warning] min_data_in_leaf is set=46, min_child_samples=20 will be ignored. Current value: min_data_in_leaf=46
[LightGBM] [Warning] feature_fraction is set=0.8099258510290089, colsample_bytree=1.0 will be ignored. Current value: feature_fraction=0.8099258510290089
[LightGBM] [Warning] bagging_fraction is set=1.0, subsample=1.0 will be ignored. Current value: bagging_fraction=1.0
[LightGBM] [Warning] lambda_l2 is set=20.01803587378574, reg_lambda=0.0 will be ignored. Current value: lambda_l2=20.01803587378574
| [0m 3       [0m | [0m 0.6753  [0m | [0m 1.0     [0m | [0m 0.8099  [0m | [0m 3.833   [0m | [0m 20.02   [0m | [0m 0.09432 [0m | [0m 46.85   [0m | [0m 948.9   [0m | [0m 394.5   [0m |
[LightGBM] [Warning] lambda_l1 is set=0.42320591351493464, reg_alpha=0.0 will be ignored. Current value: lambda_l1=0.42320591351493464
[LightGBM] [Warning] min_data_in_leaf is set=8, min_child_samples=20 will be ignored. Current value: min_data_in_leaf=8
[LightGBM] [Warning] feature_fraction is set=0.8323885388254437, colsample_bytree=1.0 will be ignored. Current value: feature_fraction=0.8323885388254437
[LightGBM] [Warning] bagging_fraction is set=1.0, subsample=1.0 will be ignored. Current value: bagging_fraction=1.0
[LightGBM] [Warning] lambda_l2 is set=11.611997436727982, reg_lambda=0.0 will be ignored. Current value: lambda_l2=11.611997436727982
[LightGBM] [Warning] lambda_l1 is set=0.42320591351493464, reg_alpha=0.0 will be ignored. Current value: lambda_l1=0.42320591351493464
[LightGBM] [Warning] min_data_in_leaf is set=8, min_child_samples=20 will be ignored. Current value: min_data_in_leaf=8
[LightGBM] [Warning] feature_fraction is set=0.8323885388254437, colsample_bytree=1.0 will be ignored. Current value: feature_fraction=0.8323885388254437
[LightGBM] [Warning] bagging_fraction is set=1.0, subsample=1.0 will be ignored. Current value: bagging_fraction=1.0
[LightGBM] [Warning] lambda_l2 is set=11.611997436727982, reg_lambda=0.0 will be ignored. Current value: lambda_l2=11.611997436727982
[LightGBM] [Warning] lambda_l1 is set=0.42320591351493464, reg_alpha=0.0 will be ignored. Current value: lambda_l1=0.42320591351493464
[LightGBM] [Warning] min_data_in_leaf is set=8, min_child_samples=20 will be ignored. Current value: min_data_in_leaf=8
[LightGBM] [Warning] feature_fraction is set=0.8323885388254437, colsample_bytree=1.0 will be ignored. Current value: feature_fraction=0.8323885388254437
[LightGBM] [Warning] bagging_fraction is set=1.0, subsample=1.0 will be ignored. Current value: bagging_fraction=1.0
[LightGBM] [Warning] lambda_l2 is set=11.611997436727982, reg_lambda=0.0 will be ignored. Current value: lambda_l2=11.611997436727982
[LightGBM] [Warning] lambda_l1 is set=0.42320591351493464, reg_alpha=0.0 will be ignored. Current value: lambda_l1=0.42320591351493464
[LightGBM] [Warning] min_data_in_leaf is set=8, min_child_samples=20 will be ignored. Current value: min_data_in_leaf=8
[LightGBM] [Warning] feature_fraction is set=0.8323885388254437, colsample_bytree=1.0 will be ignored. Current value: feature_fraction=0.8323885388254437
[LightGBM] [Warning] bagging_fraction is set=1.0, subsample=1.0 will be ignored. Current value: bagging_fraction=1.0
[LightGBM] [Warning] lambda_l2 is set=11.611997436727982, reg_lambda=0.0 will be ignored. Current value: lambda_l2=11.611997436727982
[LightGBM] [Warning] lambda_l1 is set=0.42320591351493464, reg_alpha=0.0 will be ignored. Current value: lambda_l1=0.42320591351493464
[LightGBM] [Warning] min_data_in_leaf is set=8, min_child_samples=20 will be ignored. Current value: min_data_in_leaf=8
[LightGBM] [Warning] feature_fraction is set=0.8323885388254437, colsample_bytree=1.0 will be ignored. Current value: feature_fraction=0.8323885388254437
[LightGBM] [Warning] bagging_fraction is set=1.0, subsample=1.0 will be ignored. Current value: bagging_fraction=1.0
[LightGBM] [Warning] lambda_l2 is set=11.611997436727982, reg_lambda=0.0 will be ignored. Current value: lambda_l2=11.611997436727982
| [0m 4       [0m | [0m 0.6755  [0m | [0m 1.0     [0m | [0m 0.8324  [0m | [0m 0.4232  [0m | [0m 11.61   [0m | [0m 0.04358 [0m | [0m 8.507   [0m | [0m 768.9   [0m | [0m 876.7   [0m |
[LightGBM] [Warning] lambda_l1 is set=2.7090080305243456, reg_alpha=0.0 will be ignored. Current value: lambda_l1=2.7090080305243456
[LightGBM] [Warning] min_data_in_leaf is set=31, min_child_samples=20 will be ignored. Current value: min_data_in_leaf=31
[LightGBM] [Warning] feature_fraction is set=0.550568651881598, colsample_bytree=1.0 will be ignored. Current value: feature_fraction=0.550568651881598
[LightGBM] [Warning] bagging_fraction is set=1.0, subsample=1.0 will be ignored. Current value: bagging_fraction=1.0
[LightGBM] [Warning] lambda_l2 is set=1.5081484398, reg_lambda=0.0 will be ignored. Current value: lambda_l2=1.5081484398
[LightGBM] [Warning] lambda_l1 is set=2.7090080305243456, reg_alpha=0.0 will be ignored. Current value: lambda_l1=2.7090080305243456
[LightGBM] [Warning] min_data_in_leaf is set=31, min_child_samples=20 will be ignored. Current value: min_data_in_leaf=31
[LightGBM] [Warning] feature_fraction is set=0.550568651881598, colsample_bytree=1.0 will be ignored. Current value: feature_fraction=0.550568651881598
[LightGBM] [Warning] bagging_fraction is set=1.0, subsample=1.0 will be ignored. Current value: bagging_fraction=1.0
[LightGBM] [Warning] lambda_l2 is set=1.5081484398, reg_lambda=0.0 will be ignored. Current value: lambda_l2=1.5081484398
[LightGBM] [Warning] lambda_l1 is set=2.7090080305243456, reg_alpha=0.0 will be ignored. Current value: lambda_l1=2.7090080305243456
[LightGBM] [Warning] min_data_in_leaf is set=31, min_child_samples=20 will be ignored. Current value: min_data_in_leaf=31
[LightGBM] [Warning] feature_fraction is set=0.550568651881598, colsample_bytree=1.0 will be ignored. Current value: feature_fraction=0.550568651881598
[LightGBM] [Warning] bagging_fraction is set=1.0, subsample=1.0 will be ignored. Current value: bagging_fraction=1.0
[LightGBM] [Warning] lambda_l2 is set=1.5081484398, reg_lambda=0.0 will be ignored. Current value: lambda_l2=1.5081484398
[LightGBM] [Warning] lambda_l1 is set=2.7090080305243456, reg_alpha=0.0 will be ignored. Current value: lambda_l1=2.7090080305243456
[LightGBM] [Warning] min_data_in_leaf is set=31, min_child_samples=20 will be ignored. Current value: min_data_in_leaf=31
[LightGBM] [Warning] feature_fraction is set=0.550568651881598, colsample_bytree=1.0 will be ignored. Current value: feature_fraction=0.550568651881598
[LightGBM] [Warning] bagging_fraction is set=1.0, subsample=1.0 will be ignored. Current value: bagging_fraction=1.0
[LightGBM] [Warning] lambda_l2 is set=1.5081484398, reg_lambda=0.0 will be ignored. Current value: lambda_l2=1.5081484398
[LightGBM] [Warning] lambda_l1 is set=2.7090080305243456, reg_alpha=0.0 will be ignored. Current value: lambda_l1=2.7090080305243456
[LightGBM] [Warning] min_data_in_leaf is set=31, min_child_samples=20 will be ignored. Current value: min_data_in_leaf=31
[LightGBM] [Warning] feature_fraction is set=0.550568651881598, colsample_bytree=1.0 will be ignored. Current value: feature_fraction=0.550568651881598
[LightGBM] [Warning] bagging_fraction is set=1.0, subsample=1.0 will be ignored. Current value: bagging_fraction=1.0
[LightGBM] [Warning] lambda_l2 is set=1.5081484398, reg_lambda=0.0 will be ignored. Current value: lambda_l2=1.5081484398
| [0m 5       [0m | [0m 0.6746  [0m | [0m 1.0     [0m | [0m 0.5506  [0m | [0m 2.709   [0m | [0m 1.508   [0m | [0m 0.08394 [0m | [0m 31.89   [0m | [0m 931.8   [0m | [0m 515.5   [0m |
[LightGBM] [Warning] lambda_l1 is set=3.987392928586736, reg_alpha=0.0 will be ignored. Current value: lambda_l1=3.987392928586736
[LightGBM] [Warning] min_data_in_leaf is set=43, min_child_samples=20 will be ignored. Current value: min_data_in_leaf=43
[LightGBM] [Warning] feature_fraction is set=0.8683018469597845, colsample_bytree=1.0 will be ignored. Current value: feature_fraction=0.8683018469597845
[LightGBM] [Warning] bagging_fraction is set=1.0, subsample=1.0 will be ignored. Current value: bagging_fraction=1.0
[LightGBM] [Warning] lambda_l2 is set=24.06001443326812, reg_lambda=0.0 will be ignored. Current value: lambda_l2=24.06001443326812
[LightGBM] [Warning] lambda_l1 is set=3.987392928586736, reg_alpha=0.0 will be ignored. Current value: lambda_l1=3.987392928586736
[LightGBM] [Warning] min_data_in_leaf is set=43, min_child_samples=20 will be ignored. Current value: min_data_in_leaf=43
[LightGBM] [Warning] feature_fraction is set=0.8683018469597845, colsample_bytree=1.0 will be ignored. Current value: feature_fraction=0.8683018469597845
[LightGBM] [Warning] bagging_fraction is set=1.0, subsample=1.0 will be ignored. Current value: bagging_fraction=1.0
[LightGBM] [Warning] lambda_l2 is set=24.06001443326812, reg_lambda=0.0 will be ignored. Current value: lambda_l2=24.06001443326812
[LightGBM] [Warning] lambda_l1 is set=3.987392928586736, reg_alpha=0.0 will be ignored. Current value: lambda_l1=3.987392928586736
[LightGBM] [Warning] min_data_in_leaf is set=43, min_child_samples=20 will be ignored. Current value: min_data_in_leaf=43
[LightGBM] [Warning] feature_fraction is set=0.8683018469597845, colsample_bytree=1.0 will be ignored. Current value: feature_fraction=0.8683018469597845
[LightGBM] [Warning] bagging_fraction is set=1.0, subsample=1.0 will be ignored. Current value: bagging_fraction=1.0
[LightGBM] [Warning] lambda_l2 is set=24.06001443326812, reg_lambda=0.0 will be ignored. Current value: lambda_l2=24.06001443326812
[LightGBM] [Warning] lambda_l1 is set=3.987392928586736, reg_alpha=0.0 will be ignored. Current value: lambda_l1=3.987392928586736
[LightGBM] [Warning] min_data_in_leaf is set=43, min_child_samples=20 will be ignored. Current value: min_data_in_leaf=43
[LightGBM] [Warning] feature_fraction is set=0.8683018469597845, colsample_bytree=1.0 will be ignored. Current value: feature_fraction=0.8683018469597845
[LightGBM] [Warning] bagging_fraction is set=1.0, subsample=1.0 will be ignored. Current value: bagging_fraction=1.0
[LightGBM] [Warning] lambda_l2 is set=24.06001443326812, reg_lambda=0.0 will be ignored. Current value: lambda_l2=24.06001443326812
[LightGBM] [Warning] lambda_l1 is set=3.987392928586736, reg_alpha=0.0 will be ignored. Current value: lambda_l1=3.987392928586736
[LightGBM] [Warning] min_data_in_leaf is set=43, min_child_samples=20 will be ignored. Current value: min_data_in_leaf=43
[LightGBM] [Warning] feature_fraction is set=0.8683018469597845, colsample_bytree=1.0 will be ignored. Current value: feature_fraction=0.8683018469597845
[LightGBM] [Warning] bagging_fraction is set=1.0, subsample=1.0 will be ignored. Current value: bagging_fraction=1.0
[LightGBM] [Warning] lambda_l2 is set=24.06001443326812, reg_lambda=0.0 will be ignored. Current value: lambda_l2=24.06001443326812
| [95m 6       [0m | [95m 0.6767  [0m | [95m 1.0     [0m | [95m 0.8683  [0m | [95m 3.987   [0m | [95m 24.06   [0m | [95m 0.02229 [0m | [95m 43.42   [0m | [95m 998.0   [0m | [95m 994.6   [0m |
[LightGBM] [Warning] lambda_l1 is set=7.437119632700072, reg_alpha=0.0 will be ignored. Current value: lambda_l1=7.437119632700072
[LightGBM] [Warning] min_data_in_leaf is set=33, min_child_samples=20 will be ignored. Current value: min_data_in_leaf=33
[LightGBM] [Warning] feature_fraction is set=0.5218431204683192, colsample_bytree=1.0 will be ignored. Current value: feature_fraction=0.5218431204683192
[LightGBM] [Warning] bagging_fraction is set=1.0, subsample=1.0 will be ignored. Current value: bagging_fraction=1.0
[LightGBM] [Warning] lambda_l2 is set=46.19674638477596, reg_lambda=0.0 will be ignored. Current value: lambda_l2=46.19674638477596
[LightGBM] [Warning] lambda_l1 is set=7.437119632700072, reg_alpha=0.0 will be ignored. Current value: lambda_l1=7.437119632700072
[LightGBM] [Warning] min_data_in_leaf is set=33, min_child_samples=20 will be ignored. Current value: min_data_in_leaf=33
[LightGBM] [Warning] feature_fraction is set=0.5218431204683192, colsample_bytree=1.0 will be ignored. Current value: feature_fraction=0.5218431204683192
[LightGBM] [Warning] bagging_fraction is set=1.0, subsample=1.0 will be ignored. Current value: bagging_fraction=1.0
[LightGBM] [Warning] lambda_l2 is set=46.19674638477596, reg_lambda=0.0 will be ignored. Current value: lambda_l2=46.19674638477596
[LightGBM] [Warning] lambda_l1 is set=7.437119632700072, reg_alpha=0.0 will be ignored. Current value: lambda_l1=7.437119632700072
[LightGBM] [Warning] min_data_in_leaf is set=33, min_child_samples=20 will be ignored. Current value: min_data_in_leaf=33
[LightGBM] [Warning] feature_fraction is set=0.5218431204683192, colsample_bytree=1.0 will be ignored. Current value: feature_fraction=0.5218431204683192
[LightGBM] [Warning] bagging_fraction is set=1.0, subsample=1.0 will be ignored. Current value: bagging_fraction=1.0
[LightGBM] [Warning] lambda_l2 is set=46.19674638477596, reg_lambda=0.0 will be ignored. Current value: lambda_l2=46.19674638477596
[LightGBM] [Warning] lambda_l1 is set=7.437119632700072, reg_alpha=0.0 will be ignored. Current value: lambda_l1=7.437119632700072
[LightGBM] [Warning] min_data_in_leaf is set=33, min_child_samples=20 will be ignored. Current value: min_data_in_leaf=33
[LightGBM] [Warning] feature_fraction is set=0.5218431204683192, colsample_bytree=1.0 will be ignored. Current value: feature_fraction=0.5218431204683192
[LightGBM] [Warning] bagging_fraction is set=1.0, subsample=1.0 will be ignored. Current value: bagging_fraction=1.0
[LightGBM] [Warning] lambda_l2 is set=46.19674638477596, reg_lambda=0.0 will be ignored. Current value: lambda_l2=46.19674638477596
[LightGBM] [Warning] lambda_l1 is set=7.437119632700072, reg_alpha=0.0 will be ignored. Current value: lambda_l1=7.437119632700072
[LightGBM] [Warning] min_data_in_leaf is set=33, min_child_samples=20 will be ignored. Current value: min_data_in_leaf=33
[LightGBM] [Warning] feature_fraction is set=0.5218431204683192, colsample_bytree=1.0 will be ignored. Current value: feature_fraction=0.5218431204683192
[LightGBM] [Warning] bagging_fraction is set=1.0, subsample=1.0 will be ignored. Current value: bagging_fraction=1.0
[LightGBM] [Warning] lambda_l2 is set=46.19674638477596, reg_lambda=0.0 will be ignored. Current value: lambda_l2=46.19674638477596
| [95m 7       [0m | [95m 0.6772  [0m | [95m 1.0     [0m | [95m 0.5218  [0m | [95m 7.437   [0m | [95m 46.2    [0m | [95m 0.08819 [0m | [95m 33.47   [0m | [95m 998.0   [0m | [95m 1.013e+0[0m |
[LightGBM] [Warning] lambda_l1 is set=3.2803484724388254, reg_alpha=0.0 will be ignored. Current value: lambda_l1=3.2803484724388254
[LightGBM] [Warning] min_data_in_leaf is set=7, min_child_samples=20 will be ignored. Current value: min_data_in_leaf=7
[LightGBM] [Warning] feature_fraction is set=0.7960457448381753, colsample_bytree=1.0 will be ignored. Current value: feature_fraction=0.7960457448381753
[LightGBM] [Warning] bagging_fraction is set=1.0, subsample=1.0 will be ignored. Current value: bagging_fraction=1.0
[LightGBM] [Warning] lambda_l2 is set=23.031141058879527, reg_lambda=0.0 will be ignored. Current value: lambda_l2=23.031141058879527
[LightGBM] [Warning] lambda_l1 is set=3.2803484724388254, reg_alpha=0.0 will be ignored. Current value: lambda_l1=3.2803484724388254
[LightGBM] [Warning] min_data_in_leaf is set=7, min_child_samples=20 will be ignored. Current value: min_data_in_leaf=7
[LightGBM] [Warning] feature_fraction is set=0.7960457448381753, colsample_bytree=1.0 will be ignored. Current value: feature_fraction=0.7960457448381753
[LightGBM] [Warning] bagging_fraction is set=1.0, subsample=1.0 will be ignored. Current value: bagging_fraction=1.0
[LightGBM] [Warning] lambda_l2 is set=23.031141058879527, reg_lambda=0.0 will be ignored. Current value: lambda_l2=23.031141058879527
[LightGBM] [Warning] lambda_l1 is set=3.2803484724388254, reg_alpha=0.0 will be ignored. Current value: lambda_l1=3.2803484724388254
[LightGBM] [Warning] min_data_in_leaf is set=7, min_child_samples=20 will be ignored. Current value: min_data_in_leaf=7
[LightGBM] [Warning] feature_fraction is set=0.7960457448381753, colsample_bytree=1.0 will be ignored. Current value: feature_fraction=0.7960457448381753
[LightGBM] [Warning] bagging_fraction is set=1.0, subsample=1.0 will be ignored. Current value: bagging_fraction=1.0
[LightGBM] [Warning] lambda_l2 is set=23.031141058879527, reg_lambda=0.0 will be ignored. Current value: lambda_l2=23.031141058879527
[LightGBM] [Warning] lambda_l1 is set=3.2803484724388254, reg_alpha=0.0 will be ignored. Current value: lambda_l1=3.2803484724388254
[LightGBM] [Warning] min_data_in_leaf is set=7, min_child_samples=20 will be ignored. Current value: min_data_in_leaf=7
[LightGBM] [Warning] feature_fraction is set=0.7960457448381753, colsample_bytree=1.0 will be ignored. Current value: feature_fraction=0.7960457448381753
[LightGBM] [Warning] bagging_fraction is set=1.0, subsample=1.0 will be ignored. Current value: bagging_fraction=1.0
[LightGBM] [Warning] lambda_l2 is set=23.031141058879527, reg_lambda=0.0 will be ignored. Current value: lambda_l2=23.031141058879527
[LightGBM] [Warning] lambda_l1 is set=3.2803484724388254, reg_alpha=0.0 will be ignored. Current value: lambda_l1=3.2803484724388254
[LightGBM] [Warning] min_data_in_leaf is set=7, min_child_samples=20 will be ignored. Current value: min_data_in_leaf=7
[LightGBM] [Warning] feature_fraction is set=0.7960457448381753, colsample_bytree=1.0 will be ignored. Current value: feature_fraction=0.7960457448381753
[LightGBM] [Warning] bagging_fraction is set=1.0, subsample=1.0 will be ignored. Current value: bagging_fraction=1.0
[LightGBM] [Warning] lambda_l2 is set=23.031141058879527, reg_lambda=0.0 will be ignored. Current value: lambda_l2=23.031141058879527
| [0m 8       [0m | [0m 0.6757  [0m | [0m 1.0     [0m | [0m 0.796   [0m | [0m 3.28    [0m | [0m 23.03   [0m | [0m 0.02489 [0m | [0m 7.174   [0m | [0m 997.3   [0m | [0m 1.01e+03[0m |
[LightGBM] [Warning] lambda_l1 is set=9.559363924317228, reg_alpha=0.0 will be ignored. Current value: lambda_l1=9.559363924317228
[LightGBM] [Warning] min_data_in_leaf is set=27, min_child_samples=20 will be ignored. Current value: min_data_in_leaf=27
[LightGBM] [Warning] feature_fraction is set=0.7105912514739042, colsample_bytree=1.0 will be ignored. Current value: feature_fraction=0.7105912514739042
[LightGBM] [Warning] bagging_fraction is set=1.0, subsample=1.0 will be ignored. Current value: bagging_fraction=1.0
[LightGBM] [Warning] lambda_l2 is set=6.7312417587075295, reg_lambda=0.0 will be ignored. Current value: lambda_l2=6.7312417587075295
[LightGBM] [Warning] lambda_l1 is set=9.559363924317228, reg_alpha=0.0 will be ignored. Current value: lambda_l1=9.559363924317228
[LightGBM] [Warning] min_data_in_leaf is set=27, min_child_samples=20 will be ignored. Current value: min_data_in_leaf=27
[LightGBM] [Warning] feature_fraction is set=0.7105912514739042, colsample_bytree=1.0 will be ignored. Current value: feature_fraction=0.7105912514739042
[LightGBM] [Warning] bagging_fraction is set=1.0, subsample=1.0 will be ignored. Current value: bagging_fraction=1.0
[LightGBM] [Warning] lambda_l2 is set=6.7312417587075295, reg_lambda=0.0 will be ignored. Current value: lambda_l2=6.7312417587075295
[LightGBM] [Warning] lambda_l1 is set=9.559363924317228, reg_alpha=0.0 will be ignored. Current value: lambda_l1=9.559363924317228
[LightGBM] [Warning] min_data_in_leaf is set=27, min_child_samples=20 will be ignored. Current value: min_data_in_leaf=27
[LightGBM] [Warning] feature_fraction is set=0.7105912514739042, colsample_bytree=1.0 will be ignored. Current value: feature_fraction=0.7105912514739042
[LightGBM] [Warning] bagging_fraction is set=1.0, subsample=1.0 will be ignored. Current value: bagging_fraction=1.0
[LightGBM] [Warning] lambda_l2 is set=6.7312417587075295, reg_lambda=0.0 will be ignored. Current value: lambda_l2=6.7312417587075295
[LightGBM] [Warning] lambda_l1 is set=9.559363924317228, reg_alpha=0.0 will be ignored. Current value: lambda_l1=9.559363924317228
[LightGBM] [Warning] min_data_in_leaf is set=27, min_child_samples=20 will be ignored. Current value: min_data_in_leaf=27
[LightGBM] [Warning] feature_fraction is set=0.7105912514739042, colsample_bytree=1.0 will be ignored. Current value: feature_fraction=0.7105912514739042
[LightGBM] [Warning] bagging_fraction is set=1.0, subsample=1.0 will be ignored. Current value: bagging_fraction=1.0
[LightGBM] [Warning] lambda_l2 is set=6.7312417587075295, reg_lambda=0.0 will be ignored. Current value: lambda_l2=6.7312417587075295
[LightGBM] [Warning] lambda_l1 is set=9.559363924317228, reg_alpha=0.0 will be ignored. Current value: lambda_l1=9.559363924317228
[LightGBM] [Warning] min_data_in_leaf is set=27, min_child_samples=20 will be ignored. Current value: min_data_in_leaf=27
[LightGBM] [Warning] feature_fraction is set=0.7105912514739042, colsample_bytree=1.0 will be ignored. Current value: feature_fraction=0.7105912514739042
[LightGBM] [Warning] bagging_fraction is set=1.0, subsample=1.0 will be ignored. Current value: bagging_fraction=1.0
[LightGBM] [Warning] lambda_l2 is set=6.7312417587075295, reg_lambda=0.0 will be ignored. Current value: lambda_l2=6.7312417587075295
| [0m 9       [0m | [0m 0.6736  [0m | [0m 1.0     [0m | [0m 0.7106  [0m | [0m 9.559   [0m | [0m 6.731   [0m | [0m 0.09554 [0m | [0m 27.8    [0m | [0m 987.2   [0m | [0m 1.02e+03[0m |
[LightGBM] [Warning] lambda_l1 is set=3.406965005490398, reg_alpha=0.0 will be ignored. Current value: lambda_l1=3.406965005490398
[LightGBM] [Warning] min_data_in_leaf is set=27, min_child_samples=20 will be ignored. Current value: min_data_in_leaf=27
[LightGBM] [Warning] feature_fraction is set=0.6942412678568155, colsample_bytree=1.0 will be ignored. Current value: feature_fraction=0.6942412678568155
[LightGBM] [Warning] bagging_fraction is set=1.0, subsample=1.0 will be ignored. Current value: bagging_fraction=1.0
[LightGBM] [Warning] lambda_l2 is set=48.738768460084735, reg_lambda=0.0 will be ignored. Current value: lambda_l2=48.738768460084735
[LightGBM] [Warning] lambda_l1 is set=3.406965005490398, reg_alpha=0.0 will be ignored. Current value: lambda_l1=3.406965005490398
[LightGBM] [Warning] min_data_in_leaf is set=27, min_child_samples=20 will be ignored. Current value: min_data_in_leaf=27
[LightGBM] [Warning] feature_fraction is set=0.6942412678568155, colsample_bytree=1.0 will be ignored. Current value: feature_fraction=0.6942412678568155
[LightGBM] [Warning] bagging_fraction is set=1.0, subsample=1.0 will be ignored. Current value: bagging_fraction=1.0
[LightGBM] [Warning] lambda_l2 is set=48.738768460084735, reg_lambda=0.0 will be ignored. Current value: lambda_l2=48.738768460084735
[LightGBM] [Warning] lambda_l1 is set=3.406965005490398, reg_alpha=0.0 will be ignored. Current value: lambda_l1=3.406965005490398
[LightGBM] [Warning] min_data_in_leaf is set=27, min_child_samples=20 will be ignored. Current value: min_data_in_leaf=27
[LightGBM] [Warning] feature_fraction is set=0.6942412678568155, colsample_bytree=1.0 will be ignored. Current value: feature_fraction=0.6942412678568155
[LightGBM] [Warning] bagging_fraction is set=1.0, subsample=1.0 will be ignored. Current value: bagging_fraction=1.0
[LightGBM] [Warning] lambda_l2 is set=48.738768460084735, reg_lambda=0.0 will be ignored. Current value: lambda_l2=48.738768460084735
[LightGBM] [Warning] lambda_l1 is set=3.406965005490398, reg_alpha=0.0 will be ignored. Current value: lambda_l1=3.406965005490398
[LightGBM] [Warning] min_data_in_leaf is set=27, min_child_samples=20 will be ignored. Current value: min_data_in_leaf=27
[LightGBM] [Warning] feature_fraction is set=0.6942412678568155, colsample_bytree=1.0 will be ignored. Current value: feature_fraction=0.6942412678568155
[LightGBM] [Warning] bagging_fraction is set=1.0, subsample=1.0 will be ignored. Current value: bagging_fraction=1.0
[LightGBM] [Warning] lambda_l2 is set=48.738768460084735, reg_lambda=0.0 will be ignored. Current value: lambda_l2=48.738768460084735
[LightGBM] [Warning] lambda_l1 is set=3.406965005490398, reg_alpha=0.0 will be ignored. Current value: lambda_l1=3.406965005490398
[LightGBM] [Warning] min_data_in_leaf is set=27, min_child_samples=20 will be ignored. Current value: min_data_in_leaf=27
[LightGBM] [Warning] feature_fraction is set=0.6942412678568155, colsample_bytree=1.0 will be ignored. Current value: feature_fraction=0.6942412678568155
[LightGBM] [Warning] bagging_fraction is set=1.0, subsample=1.0 will be ignored. Current value: bagging_fraction=1.0
[LightGBM] [Warning] lambda_l2 is set=48.738768460084735, reg_lambda=0.0 will be ignored. Current value: lambda_l2=48.738768460084735
| [0m 10      [0m | [0m 0.6771  [0m | [0m 1.0     [0m | [0m 0.6942  [0m | [0m 3.407   [0m | [0m 48.74   [0m | [0m 0.02609 [0m | [0m 27.82   [0m | [0m 993.6   [0m | [0m 36.64   [0m |
[LightGBM] [Warning] lambda_l1 is set=7.965223804023763, reg_alpha=0.0 will be ignored. Current value: lambda_l1=7.965223804023763
[LightGBM] [Warning] min_data_in_leaf is set=7, min_child_samples=20 will be ignored. Current value: min_data_in_leaf=7
[LightGBM] [Warning] feature_fraction is set=0.6792066894920301, colsample_bytree=1.0 will be ignored. Current value: feature_fraction=0.6792066894920301
[LightGBM] [Warning] bagging_fraction is set=1.0, subsample=1.0 will be ignored. Current value: bagging_fraction=1.0
[LightGBM] [Warning] lambda_l2 is set=48.10476972101114, reg_lambda=0.0 will be ignored. Current value: lambda_l2=48.10476972101114
[LightGBM] [Warning] lambda_l1 is set=7.965223804023763, reg_alpha=0.0 will be ignored. Current value: lambda_l1=7.965223804023763
[LightGBM] [Warning] min_data_in_leaf is set=7, min_child_samples=20 will be ignored. Current value: min_data_in_leaf=7
[LightGBM] [Warning] feature_fraction is set=0.6792066894920301, colsample_bytree=1.0 will be ignored. Current value: feature_fraction=0.6792066894920301
[LightGBM] [Warning] bagging_fraction is set=1.0, subsample=1.0 will be ignored. Current value: bagging_fraction=1.0
[LightGBM] [Warning] lambda_l2 is set=48.10476972101114, reg_lambda=0.0 will be ignored. Current value: lambda_l2=48.10476972101114
[LightGBM] [Warning] lambda_l1 is set=7.965223804023763, reg_alpha=0.0 will be ignored. Current value: lambda_l1=7.965223804023763
[LightGBM] [Warning] min_data_in_leaf is set=7, min_child_samples=20 will be ignored. Current value: min_data_in_leaf=7
[LightGBM] [Warning] feature_fraction is set=0.6792066894920301, colsample_bytree=1.0 will be ignored. Current value: feature_fraction=0.6792066894920301
[LightGBM] [Warning] bagging_fraction is set=1.0, subsample=1.0 will be ignored. Current value: bagging_fraction=1.0
[LightGBM] [Warning] lambda_l2 is set=48.10476972101114, reg_lambda=0.0 will be ignored. Current value: lambda_l2=48.10476972101114
[LightGBM] [Warning] lambda_l1 is set=7.965223804023763, reg_alpha=0.0 will be ignored. Current value: lambda_l1=7.965223804023763
[LightGBM] [Warning] min_data_in_leaf is set=7, min_child_samples=20 will be ignored. Current value: min_data_in_leaf=7
[LightGBM] [Warning] feature_fraction is set=0.6792066894920301, colsample_bytree=1.0 will be ignored. Current value: feature_fraction=0.6792066894920301
[LightGBM] [Warning] bagging_fraction is set=1.0, subsample=1.0 will be ignored. Current value: bagging_fraction=1.0
[LightGBM] [Warning] lambda_l2 is set=48.10476972101114, reg_lambda=0.0 will be ignored. Current value: lambda_l2=48.10476972101114
[LightGBM] [Warning] lambda_l1 is set=7.965223804023763, reg_alpha=0.0 will be ignored. Current value: lambda_l1=7.965223804023763
[LightGBM] [Warning] min_data_in_leaf is set=7, min_child_samples=20 will be ignored. Current value: min_data_in_leaf=7
[LightGBM] [Warning] feature_fraction is set=0.6792066894920301, colsample_bytree=1.0 will be ignored. Current value: feature_fraction=0.6792066894920301
[LightGBM] [Warning] bagging_fraction is set=1.0, subsample=1.0 will be ignored. Current value: bagging_fraction=1.0
[LightGBM] [Warning] lambda_l2 is set=48.10476972101114, reg_lambda=0.0 will be ignored. Current value: lambda_l2=48.10476972101114
| [95m 11      [0m | [95m 0.6778  [0m | [95m 1.0     [0m | [95m 0.6792  [0m | [95m 7.965   [0m | [95m 48.1    [0m | [95m 0.05976 [0m | [95m 7.976   [0m | [95m 991.9   [0m | [95m 641.0   [0m |
[LightGBM] [Warning] lambda_l1 is set=5.647050003677915, reg_alpha=0.0 will be ignored. Current value: lambda_l1=5.647050003677915
[LightGBM] [Warning] min_data_in_leaf is set=8, min_child_samples=20 will be ignored. Current value: min_data_in_leaf=8
[LightGBM] [Warning] feature_fraction is set=0.9845946560240181, colsample_bytree=1.0 will be ignored. Current value: feature_fraction=0.9845946560240181
[LightGBM] [Warning] bagging_fraction is set=1.0, subsample=1.0 will be ignored. Current value: bagging_fraction=1.0
[LightGBM] [Warning] lambda_l2 is set=48.65790270941731, reg_lambda=0.0 will be ignored. Current value: lambda_l2=48.65790270941731
[LightGBM] [Warning] lambda_l1 is set=5.647050003677915, reg_alpha=0.0 will be ignored. Current value: lambda_l1=5.647050003677915
[LightGBM] [Warning] min_data_in_leaf is set=8, min_child_samples=20 will be ignored. Current value: min_data_in_leaf=8
[LightGBM] [Warning] feature_fraction is set=0.9845946560240181, colsample_bytree=1.0 will be ignored. Current value: feature_fraction=0.9845946560240181
[LightGBM] [Warning] bagging_fraction is set=1.0, subsample=1.0 will be ignored. Current value: bagging_fraction=1.0
[LightGBM] [Warning] lambda_l2 is set=48.65790270941731, reg_lambda=0.0 will be ignored. Current value: lambda_l2=48.65790270941731
[LightGBM] [Warning] lambda_l1 is set=5.647050003677915, reg_alpha=0.0 will be ignored. Current value: lambda_l1=5.647050003677915
[LightGBM] [Warning] min_data_in_leaf is set=8, min_child_samples=20 will be ignored. Current value: min_data_in_leaf=8
[LightGBM] [Warning] feature_fraction is set=0.9845946560240181, colsample_bytree=1.0 will be ignored. Current value: feature_fraction=0.9845946560240181
[LightGBM] [Warning] bagging_fraction is set=1.0, subsample=1.0 will be ignored. Current value: bagging_fraction=1.0
[LightGBM] [Warning] lambda_l2 is set=48.65790270941731, reg_lambda=0.0 will be ignored. Current value: lambda_l2=48.65790270941731
[LightGBM] [Warning] lambda_l1 is set=5.647050003677915, reg_alpha=0.0 will be ignored. Current value: lambda_l1=5.647050003677915
[LightGBM] [Warning] min_data_in_leaf is set=8, min_child_samples=20 will be ignored. Current value: min_data_in_leaf=8
[LightGBM] [Warning] feature_fraction is set=0.9845946560240181, colsample_bytree=1.0 will be ignored. Current value: feature_fraction=0.9845946560240181
[LightGBM] [Warning] bagging_fraction is set=1.0, subsample=1.0 will be ignored. Current value: bagging_fraction=1.0
[LightGBM] [Warning] lambda_l2 is set=48.65790270941731, reg_lambda=0.0 will be ignored. Current value: lambda_l2=48.65790270941731
[LightGBM] [Warning] lambda_l1 is set=5.647050003677915, reg_alpha=0.0 will be ignored. Current value: lambda_l1=5.647050003677915
[LightGBM] [Warning] min_data_in_leaf is set=8, min_child_samples=20 will be ignored. Current value: min_data_in_leaf=8
[LightGBM] [Warning] feature_fraction is set=0.9845946560240181, colsample_bytree=1.0 will be ignored. Current value: feature_fraction=0.9845946560240181
[LightGBM] [Warning] bagging_fraction is set=1.0, subsample=1.0 will be ignored. Current value: bagging_fraction=1.0
[LightGBM] [Warning] lambda_l2 is set=48.65790270941731, reg_lambda=0.0 will be ignored. Current value: lambda_l2=48.65790270941731
| [0m 12      [0m | [0m 0.6773  [0m | [0m 1.0     [0m | [0m 0.9846  [0m | [0m 5.647   [0m | [0m 48.66   [0m | [0m 0.06602 [0m | [0m 8.081   [0m | [0m 643.0   [0m | [0m 18.79   [0m |
[LightGBM] [Warning] lambda_l1 is set=6.105052921079501, reg_alpha=0.0 will be ignored. Current value: lambda_l1=6.105052921079501
[LightGBM] [Warning] min_data_in_leaf is set=5, min_child_samples=20 will be ignored. Current value: min_data_in_leaf=5
[LightGBM] [Warning] feature_fraction is set=0.8159377131755907, colsample_bytree=1.0 will be ignored. Current value: feature_fraction=0.8159377131755907
[LightGBM] [Warning] bagging_fraction is set=1.0, subsample=1.0 will be ignored. Current value: bagging_fraction=1.0
[LightGBM] [Warning] lambda_l2 is set=44.52409337369104, reg_lambda=0.0 will be ignored. Current value: lambda_l2=44.52409337369104
[LightGBM] [Warning] lambda_l1 is set=6.105052921079501, reg_alpha=0.0 will be ignored. Current value: lambda_l1=6.105052921079501
[LightGBM] [Warning] min_data_in_leaf is set=5, min_child_samples=20 will be ignored. Current value: min_data_in_leaf=5
[LightGBM] [Warning] feature_fraction is set=0.8159377131755907, colsample_bytree=1.0 will be ignored. Current value: feature_fraction=0.8159377131755907
[LightGBM] [Warning] bagging_fraction is set=1.0, subsample=1.0 will be ignored. Current value: bagging_fraction=1.0
[LightGBM] [Warning] lambda_l2 is set=44.52409337369104, reg_lambda=0.0 will be ignored. Current value: lambda_l2=44.52409337369104
[LightGBM] [Warning] lambda_l1 is set=6.105052921079501, reg_alpha=0.0 will be ignored. Current value: lambda_l1=6.105052921079501
[LightGBM] [Warning] min_data_in_leaf is set=5, min_child_samples=20 will be ignored. Current value: min_data_in_leaf=5
[LightGBM] [Warning] feature_fraction is set=0.8159377131755907, colsample_bytree=1.0 will be ignored. Current value: feature_fraction=0.8159377131755907
[LightGBM] [Warning] bagging_fraction is set=1.0, subsample=1.0 will be ignored. Current value: bagging_fraction=1.0
[LightGBM] [Warning] lambda_l2 is set=44.52409337369104, reg_lambda=0.0 will be ignored. Current value: lambda_l2=44.52409337369104
[LightGBM] [Warning] lambda_l1 is set=6.105052921079501, reg_alpha=0.0 will be ignored. Current value: lambda_l1=6.105052921079501
[LightGBM] [Warning] min_data_in_leaf is set=5, min_child_samples=20 will be ignored. Current value: min_data_in_leaf=5
[LightGBM] [Warning] feature_fraction is set=0.8159377131755907, colsample_bytree=1.0 will be ignored. Current value: feature_fraction=0.8159377131755907
[LightGBM] [Warning] bagging_fraction is set=1.0, subsample=1.0 will be ignored. Current value: bagging_fraction=1.0
[LightGBM] [Warning] lambda_l2 is set=44.52409337369104, reg_lambda=0.0 will be ignored. Current value: lambda_l2=44.52409337369104
[LightGBM] [Warning] lambda_l1 is set=6.105052921079501, reg_alpha=0.0 will be ignored. Current value: lambda_l1=6.105052921079501
[LightGBM] [Warning] min_data_in_leaf is set=5, min_child_samples=20 will be ignored. Current value: min_data_in_leaf=5
[LightGBM] [Warning] feature_fraction is set=0.8159377131755907, colsample_bytree=1.0 will be ignored. Current value: feature_fraction=0.8159377131755907
[LightGBM] [Warning] bagging_fraction is set=1.0, subsample=1.0 will be ignored. Current value: bagging_fraction=1.0
[LightGBM] [Warning] lambda_l2 is set=44.52409337369104, reg_lambda=0.0 will be ignored. Current value: lambda_l2=44.52409337369104
| [0m 13      [0m | [0m 0.6373  [0m | [0m 1.0     [0m | [0m 0.8159  [0m | [0m 6.105   [0m | [0m 44.52   [0m | [0m 0.002456[0m | [0m 5.321   [0m | [0m 980.3   [0m | [0m 68.03   [0m |
[LightGBM] [Warning] lambda_l1 is set=9.109080730915382, reg_alpha=0.0 will be ignored. Current value: lambda_l1=9.109080730915382
[LightGBM] [Warning] min_data_in_leaf is set=44, min_child_samples=20 will be ignored. Current value: min_data_in_leaf=44
[LightGBM] [Warning] feature_fraction is set=0.8080771055371423, colsample_bytree=1.0 will be ignored. Current value: feature_fraction=0.8080771055371423
[LightGBM] [Warning] bagging_fraction is set=1.0, subsample=1.0 will be ignored. Current value: bagging_fraction=1.0
[LightGBM] [Warning] lambda_l2 is set=39.71654477899222, reg_lambda=0.0 will be ignored. Current value: lambda_l2=39.71654477899222
[LightGBM] [Warning] lambda_l1 is set=9.109080730915382, reg_alpha=0.0 will be ignored. Current value: lambda_l1=9.109080730915382
[LightGBM] [Warning] min_data_in_leaf is set=44, min_child_samples=20 will be ignored. Current value: min_data_in_leaf=44
[LightGBM] [Warning] feature_fraction is set=0.8080771055371423, colsample_bytree=1.0 will be ignored. Current value: feature_fraction=0.8080771055371423
[LightGBM] [Warning] bagging_fraction is set=1.0, subsample=1.0 will be ignored. Current value: bagging_fraction=1.0
[LightGBM] [Warning] lambda_l2 is set=39.71654477899222, reg_lambda=0.0 will be ignored. Current value: lambda_l2=39.71654477899222
[LightGBM] [Warning] lambda_l1 is set=9.109080730915382, reg_alpha=0.0 will be ignored. Current value: lambda_l1=9.109080730915382
[LightGBM] [Warning] min_data_in_leaf is set=44, min_child_samples=20 will be ignored. Current value: min_data_in_leaf=44
[LightGBM] [Warning] feature_fraction is set=0.8080771055371423, colsample_bytree=1.0 will be ignored. Current value: feature_fraction=0.8080771055371423
[LightGBM] [Warning] bagging_fraction is set=1.0, subsample=1.0 will be ignored. Current value: bagging_fraction=1.0
[LightGBM] [Warning] lambda_l2 is set=39.71654477899222, reg_lambda=0.0 will be ignored. Current value: lambda_l2=39.71654477899222
[LightGBM] [Warning] lambda_l1 is set=9.109080730915382, reg_alpha=0.0 will be ignored. Current value: lambda_l1=9.109080730915382
[LightGBM] [Warning] min_data_in_leaf is set=44, min_child_samples=20 will be ignored. Current value: min_data_in_leaf=44
[LightGBM] [Warning] feature_fraction is set=0.8080771055371423, colsample_bytree=1.0 will be ignored. Current value: feature_fraction=0.8080771055371423
[LightGBM] [Warning] bagging_fraction is set=1.0, subsample=1.0 will be ignored. Current value: bagging_fraction=1.0
[LightGBM] [Warning] lambda_l2 is set=39.71654477899222, reg_lambda=0.0 will be ignored. Current value: lambda_l2=39.71654477899222
[LightGBM] [Warning] lambda_l1 is set=9.109080730915382, reg_alpha=0.0 will be ignored. Current value: lambda_l1=9.109080730915382
[LightGBM] [Warning] min_data_in_leaf is set=44, min_child_samples=20 will be ignored. Current value: min_data_in_leaf=44
[LightGBM] [Warning] feature_fraction is set=0.8080771055371423, colsample_bytree=1.0 will be ignored. Current value: feature_fraction=0.8080771055371423
[LightGBM] [Warning] bagging_fraction is set=1.0, subsample=1.0 will be ignored. Current value: bagging_fraction=1.0
[LightGBM] [Warning] lambda_l2 is set=39.71654477899222, reg_lambda=0.0 will be ignored. Current value: lambda_l2=39.71654477899222
| [95m 14      [0m | [95m 0.6786  [0m | [95m 1.0     [0m | [95m 0.8081  [0m | [95m 9.109   [0m | [95m 39.72   [0m | [95m 0.04878 [0m | [95m 44.95   [0m | [95m 979.5   [0m | [95m 999.9   [0m |
[LightGBM] [Warning] lambda_l1 is set=1.0822125547981998, reg_alpha=0.0 will be ignored. Current value: lambda_l1=1.0822125547981998
[LightGBM] [Warning] min_data_in_leaf is set=49, min_child_samples=20 will be ignored. Current value: min_data_in_leaf=49
[LightGBM] [Warning] feature_fraction is set=0.5216379056996789, colsample_bytree=1.0 will be ignored. Current value: feature_fraction=0.5216379056996789
[LightGBM] [Warning] bagging_fraction is set=1.0, subsample=1.0 will be ignored. Current value: bagging_fraction=1.0
[LightGBM] [Warning] lambda_l2 is set=4.603344511831092, reg_lambda=0.0 will be ignored. Current value: lambda_l2=4.603344511831092
[LightGBM] [Warning] lambda_l1 is set=1.0822125547981998, reg_alpha=0.0 will be ignored. Current value: lambda_l1=1.0822125547981998
[LightGBM] [Warning] min_data_in_leaf is set=49, min_child_samples=20 will be ignored. Current value: min_data_in_leaf=49
[LightGBM] [Warning] feature_fraction is set=0.5216379056996789, colsample_bytree=1.0 will be ignored. Current value: feature_fraction=0.5216379056996789
[LightGBM] [Warning] bagging_fraction is set=1.0, subsample=1.0 will be ignored. Current value: bagging_fraction=1.0
[LightGBM] [Warning] lambda_l2 is set=4.603344511831092, reg_lambda=0.0 will be ignored. Current value: lambda_l2=4.603344511831092
[LightGBM] [Warning] lambda_l1 is set=1.0822125547981998, reg_alpha=0.0 will be ignored. Current value: lambda_l1=1.0822125547981998
[LightGBM] [Warning] min_data_in_leaf is set=49, min_child_samples=20 will be ignored. Current value: min_data_in_leaf=49
[LightGBM] [Warning] feature_fraction is set=0.5216379056996789, colsample_bytree=1.0 will be ignored. Current value: feature_fraction=0.5216379056996789
[LightGBM] [Warning] bagging_fraction is set=1.0, subsample=1.0 will be ignored. Current value: bagging_fraction=1.0
[LightGBM] [Warning] lambda_l2 is set=4.603344511831092, reg_lambda=0.0 will be ignored. Current value: lambda_l2=4.603344511831092
[LightGBM] [Warning] lambda_l1 is set=1.0822125547981998, reg_alpha=0.0 will be ignored. Current value: lambda_l1=1.0822125547981998
[LightGBM] [Warning] min_data_in_leaf is set=49, min_child_samples=20 will be ignored. Current value: min_data_in_leaf=49
[LightGBM] [Warning] feature_fraction is set=0.5216379056996789, colsample_bytree=1.0 will be ignored. Current value: feature_fraction=0.5216379056996789
[LightGBM] [Warning] bagging_fraction is set=1.0, subsample=1.0 will be ignored. Current value: bagging_fraction=1.0
[LightGBM] [Warning] lambda_l2 is set=4.603344511831092, reg_lambda=0.0 will be ignored. Current value: lambda_l2=4.603344511831092
[LightGBM] [Warning] lambda_l1 is set=1.0822125547981998, reg_alpha=0.0 will be ignored. Current value: lambda_l1=1.0822125547981998
[LightGBM] [Warning] min_data_in_leaf is set=49, min_child_samples=20 will be ignored. Current value: min_data_in_leaf=49
[LightGBM] [Warning] feature_fraction is set=0.5216379056996789, colsample_bytree=1.0 will be ignored. Current value: feature_fraction=0.5216379056996789
[LightGBM] [Warning] bagging_fraction is set=1.0, subsample=1.0 will be ignored. Current value: bagging_fraction=1.0
[LightGBM] [Warning] lambda_l2 is set=4.603344511831092, reg_lambda=0.0 will be ignored. Current value: lambda_l2=4.603344511831092
| [0m 15      [0m | [0m 0.6287  [0m | [0m 1.0     [0m | [0m 0.5216  [0m | [0m 1.082   [0m | [0m 4.603   [0m | [0m 0.06443 [0m | [0m 49.21   [0m | [0m 12.46   [0m | [0m 30.14   [0m |
=========================================================================================================================
{'target': 0.6785793329540666, 'params': {'bagging_fraction': 1.0, 'feature_fraction': 0.8080771055371423, 'lambda_l1': 9.109080730915382, 'lambda_l2': 39.71654477899222, 'learning_rate': 0.048776822756119845, 'min_data_in_leaf': 44.949269772290165, 'num_iterations': 979.5051787999919, 'num_leaves': 999.9046679118567}}
